<?xml version="1.0" encoding="UTF-8"?>
<!-- Generated by org.testng.reporters.JUnitXMLReporter -->
<testsuite ignored="0" hostname="DESKTOP-B94R4DD" failures="0" tests="3" name="Default test" time="10.862" errors="0" timestamp="2026-05-27T01:02:24 IST">
  <testcase classname="may21_TestNG.MouseHoverAndKeyboardAction" name="mouseHoverActionOnInstagram" time="0.651"/>
  <testcase classname="may21_TestNG.MouseHoverAndKeyboardAction" name="RobotClass" time="1.12"/>
  <testcase classname="may21_TestNG.MouseHoverAndKeyboardAction" name="windowHandles" time="1.957"/>
</testsuite> <!-- Default test -->
