<?xml version="1.0" encoding="UTF-8"?>
<!-- Generated by org.testng.reporters.JUnitXMLReporter -->
<testsuite ignored="0" hostname="DESKTOP-B94R4DD" failures="0" tests="3" name="Default test" time="12.265" errors="0" timestamp="2026-05-18T16:45:08 IST">
  <testcase classname="may17_TestNG.MouseHoverAndKeyboardActions" name="mouseHoverRightClickAction" time="0.429"/>
  <testcase classname="may17_TestNG.MouseHoverAndKeyboardActions" name="robotClass" time="1.486"/>
  <testcase classname="may17_TestNG.MouseHoverAndKeyboardActions" name="windowHandles" time="1.975"/>
</testsuite> <!-- Default test -->
