<?xml version="1.0" encoding="UTF-8"?>
<!-- Generated by org.testng.reporters.JUnitXMLReporter -->
<testsuite ignored="0" hostname="DESKTOP-B94R4DD" failures="0" tests="3" name="Facebook" time="37.352" errors="0" timestamp="2026-05-19T18:05:16 IST">
  <testcase classname="may19_TestNG.Tc001_FacebookMouseHoverAndRobotClassKeyboardAction" name="mouseHoverAndKeyboardAction" time="10.279"/>
  <testcase classname="may19_TestNG.Tc002_FacebookHyperLinkCountAndPrint" name="facebookHyperLink" time="4.825"/>
  <testcase classname="may19_TestNG.Tc006_HyperLinkCountAndPrint" name="hyperLinkCountAndPrint" time="15.587"/>
</testsuite> <!-- Facebook -->
