<?xml version="1.0" encoding="UTF-8"?>
<!-- Generated by org.testng.reporters.JUnitXMLReporter -->
<testsuite ignored="0" hostname="DESKTOP-B94R4DD" failures="0" tests="3" name="StaticDropdown" time="34.692" errors="0" timestamp="2026-05-19T18:04:18 IST">
  <testcase classname="may19_TestNG.Tc003_StaticDropdownIndex" name="staticDropdown_Example1" time="10.057"/>
  <testcase classname="may19_TestNG.Tc004_StaticDropdownSendKeysActions" name="staticDropdown_Example3" time="9.321"/>
  <testcase classname="may19_TestNG.Tc005_StaticDropdownValue" name="staticDropdown_Example2" time="9.246"/>
</testsuite> <!-- StaticDropdown -->
