<?xml version="1.0" encoding="UTF-8"?>
<!-- Generated by org.testng.reporters.JUnitXMLReporter -->
<testsuite ignored="0" hostname="DESKTOP-B94R4DD" failures="0" tests="2" name="Test" time="42.327" errors="0" timestamp="2026-05-19T15:47:59 IST">
  <testcase classname="may19_TestNG.Tc001_DynamicSearchAndListDropdown" name="example1_DynamicSearchAndListDropdown" time="18.139"/>
  <testcase classname="may19_TestNG.Tc002_DynamicSearch" name="example2_DynamicSearchAndListDropdown" time="17.573"/>
</testsuite> <!-- Test -->
