<?xml version="1.0" encoding="UTF-8"?>
<testng-results ignored="0" total="3" passed="3" failed="0" skipped="0">
  <reporter-output>
  </reporter-output>
  <suite started-at="2026-05-18T16:44:56 IST" name="Default suite" finished-at="2026-05-18T16:45:08 IST" duration-ms="12265">
    <groups>
    </groups>
    <test started-at="2026-05-18T16:44:56 IST" name="Default test" finished-at="2026-05-18T16:45:08 IST" duration-ms="12265">
      <class name="may17_TestNG.MouseHoverAndKeyboardActions">
        <test-method is-config="true" signature="setup()[pri:0, instance:may17_TestNG.MouseHoverAndKeyboardActions@5f9edf14]" started-at="2026-05-18T16:44:56 IST" name="setup" finished-at="2026-05-18T16:45:04 IST" duration-ms="7353" status="PASS">
          <reporter-output>
          </reporter-output>
        </test-method> <!-- setup -->
        <test-method signature="mouseHoverRightClickAction()[pri:1, instance:may17_TestNG.MouseHoverAndKeyboardActions@5f9edf14]" started-at="2026-05-18T16:45:04 IST" name="mouseHoverRightClickAction" finished-at="2026-05-18T16:45:04 IST" duration-ms="429" status="PASS">
          <reporter-output>
          </reporter-output>
        </test-method> <!-- mouseHoverRightClickAction -->
        <test-method signature="robotClass()[pri:2, instance:may17_TestNG.MouseHoverAndKeyboardActions@5f9edf14]" started-at="2026-05-18T16:45:04 IST" name="robotClass" finished-at="2026-05-18T16:45:06 IST" duration-ms="1486" status="PASS">
          <reporter-output>
          </reporter-output>
        </test-method> <!-- robotClass -->
        <test-method signature="windowHandles()[pri:3, instance:may17_TestNG.MouseHoverAndKeyboardActions@5f9edf14]" started-at="2026-05-18T16:45:06 IST" name="windowHandles" finished-at="2026-05-18T16:45:08 IST" duration-ms="1975" status="PASS">
          <reporter-output>
          </reporter-output>
        </test-method> <!-- windowHandles -->
        <test-method is-config="true" signature="tearDown()[pri:0, instance:may17_TestNG.MouseHoverAndKeyboardActions@5f9edf14]" started-at="2026-05-18T16:45:08 IST" name="tearDown" finished-at="2026-05-18T16:45:08 IST" duration-ms="774" status="PASS">
          <reporter-output>
          </reporter-output>
        </test-method> <!-- tearDown -->
      </class> <!-- may17_TestNG.MouseHoverAndKeyboardActions -->
    </test> <!-- Default test -->
  </suite> <!-- Default suite -->
</testng-results>
