<?xml version="1.0" encoding="UTF-8"?>
<!-- Generated by org.testng.reporters.JUnitReportReporter -->
<testsuite hostname="DESKTOP-B94R4DD" failures="0" tests="3" name="may06_TestNG.StaticDropdown" time="25.897" errors="0" timestamp="2026-05-08T02:17:06 IST" skipped="0">
  <testcase classname="may06_TestNG.StaticDropdown" name="statiDropdownSelectByIndex" time="9.484"/>
  <testcase classname="may06_TestNG.StaticDropdown" name="staticDropdownSelectByValue" time="7.987"/>
  <testcase classname="may06_TestNG.StaticDropdown" name="staticDropdownSelectWithSendByAction" time="8.426"/>
</testsuite> <!-- may06_TestNG.StaticDropdown -->
