<?xml version="1.0" encoding="UTF-8"?>
<!-- Generated by org.testng.reporters.JUnitReportReporter -->
<testsuite hostname="DESKTOP-B94R4DD" failures="0" tests="2" name="may17_TestNG.DynamicSearchAndListDropdown" time="30.483" errors="0" timestamp="2026-05-18T15:50:04 IST" skipped="0">
  <testcase classname="may17_TestNG.DynamicSearchAndListDropdown" name="dynamicSearch_Example1" time="14.530"/>
  <testcase classname="may17_TestNG.DynamicSearchAndListDropdown" name="dynamicSearch_Example2" time="15.953"/>
</testsuite> <!-- may17_TestNG.DynamicSearchAndListDropdown -->
