<?xml version="1.0" encoding="UTF-8"?>
<!-- Generated by org.testng.reporters.JUnitReportReporter -->
<testsuite hostname="DESKTOP-B94R4DD" failures="0" tests="3" name="may03_TestNG.StaticDropdown" time="28.721" errors="0" timestamp="2026-05-16T17:42:30 IST" skipped="0">
  <testcase classname="may03_TestNG.StaticDropdown" name="staticDropdwonSelectByIndex" time="11.117"/>
  <testcase classname="may03_TestNG.StaticDropdown" name="staticDropdownSelectBySendKeysAction" time="8.892"/>
  <testcase classname="may03_TestNG.StaticDropdown" name="staticDropdownSelectByValue" time="8.712"/>
</testsuite> <!-- may03_TestNG.StaticDropdown -->
