<?xml version="1.0" encoding="UTF-8"?>
<!-- Generated by org.testng.reporters.JUnitReportReporter -->
<testsuite hostname="DESKTOP-B94R4DD" failures="0" tests="3" name="may09_TestNG.MouseHoverAndKeyboardActions" time="4.588" errors="0" timestamp="2026-05-10T01:36:35 IST" skipped="0">
  <testcase classname="may09_TestNG.MouseHoverAndKeyboardActions" name="rightClickMouseHoverActionOnInstagramLink" time="0.780"/>
  <testcase classname="may09_TestNG.MouseHoverAndKeyboardActions" name="robotClass" time="1.111"/>
  <testcase classname="may09_TestNG.MouseHoverAndKeyboardActions" name="windowHandles" time="2.697"/>
</testsuite> <!-- may09_TestNG.MouseHoverAndKeyboardActions -->
