<?xml version="1.0" encoding="UTF-8"?>
<!-- Generated by org.testng.reporters.JUnitReportReporter -->
<testsuite hostname="DESKTOP-B94R4DD" failures="0" tests="2" name="may05_TestNG.DynamicSearchAndListDropdown" time="85.806" errors="0" timestamp="2026-05-05T15:00:33 IST" skipped="0">
  <testcase classname="may05_TestNG.DynamicSearchAndListDropdown" name="dynamicSearch_Example2" time="50.876"/>
  <testcase classname="may05_TestNG.DynamicSearchAndListDropdown" name="dynamicSearch_Example1" time="34.930"/>
</testsuite> <!-- may05_TestNG.DynamicSearchAndListDropdown -->
