<?xml version="1.0" encoding="UTF-8"?>
<!-- Generated by org.testng.reporters.JUnitReportReporter -->
<testsuite hostname="DESKTOP-B94R4DD" failures="0" tests="2" name="may09_TestNG.DynamicSearchAndListDropdown" time="52.311" errors="0" timestamp="2026-05-10T01:12:34 IST" skipped="0">
  <testcase classname="may09_TestNG.DynamicSearchAndListDropdown" name="dynamicSearchAndDropdown_Example2" time="25.997"/>
  <testcase classname="may09_TestNG.DynamicSearchAndListDropdown" name="dynamicSearchAndDropdown_Example1" time="26.314"/>
</testsuite> <!-- may09_TestNG.DynamicSearchAndListDropdown -->
