<?xml version="1.0" encoding="UTF-8"?>
<!-- Generated by org.testng.reporters.JUnitReportReporter -->
<testsuite hostname="DESKTOP-B94R4DD" failures="0" tests="3" name="may22_TestNG.MouseHoverAndKeyboardAction" time="4.125" errors="0" timestamp="2026-05-29T22:34:50 IST" skipped="0">
  <testcase classname="may22_TestNG.MouseHoverAndKeyboardAction" name="mouseHoverRightClick" time="0.745"/>
  <testcase classname="may22_TestNG.MouseHoverAndKeyboardAction" name="robotClass" time="2.123"/>
  <testcase classname="may22_TestNG.MouseHoverAndKeyboardAction" name="windowHandles" time="1.257"/>
</testsuite> <!-- may22_TestNG.MouseHoverAndKeyboardAction -->
