<?xml version="1.0" encoding="UTF-8"?>
<!-- Generated by org.testng.reporters.JUnitReportReporter -->
<testsuite hostname="DESKTOP-B94R4DD" failures="0" tests="2" name="may21_TestNG.DynamicSearchAndListDropdown" time="41.379" errors="0" timestamp="2026-05-27T00:39:52 IST" skipped="0">
  <testcase classname="may21_TestNG.DynamicSearchAndListDropdown" name="dynamicSearchAndListDropdownSelect_Example1" time="24.007"/>
  <testcase classname="may21_TestNG.DynamicSearchAndListDropdown" name="dynamicSearchAndListDropdownSelect_Example2" time="17.372"/>
</testsuite> <!-- may21_TestNG.DynamicSearchAndListDropdown -->
