<?xml version="1.0" encoding="UTF-8"?>
<!-- Generated by org.testng.reporters.JUnitReportReporter -->
<testsuite hostname="DESKTOP-B94R4DD" failures="0" tests="2" name="may06_TestNG.DyanmicSearchAndListDropdown" time="49.489" errors="0" timestamp="2026-05-11T13:28:58 IST" skipped="0">
  <testcase classname="may06_TestNG.DyanmicSearchAndListDropdown" name="dynamicSearchAndDropdownListClick" time="25.343"/>
  <testcase classname="may06_TestNG.DyanmicSearchAndListDropdown" name="dynamicSearchAndDropdownClickByIndexing" time="24.146"/>
</testsuite> <!-- may06_TestNG.DyanmicSearchAndListDropdown -->
