<?xml version="1.0" encoding="UTF-8"?>
<!-- Generated by org.testng.reporters.JUnitReportReporter -->
<testsuite hostname="DESKTOP-B94R4DD" failures="0" tests="2" name="may21_TestNG.HyperLinkCountAndPrint" time="28.240" errors="0" timestamp="2026-05-26T17:03:48 IST" skipped="0">
  <testcase classname="may21_TestNG.HyperLinkCountAndPrint" name="getClickOnInstagramHyperLink" time="21.209"/>
  <testcase classname="may21_TestNG.HyperLinkCountAndPrint" name="getPrintAndCountFacebookLoginPageHyperLink" time="7.031"/>
</testsuite> <!-- may21_TestNG.HyperLinkCountAndPrint -->
