<?xml version="1.0" encoding="UTF-8"?>
<!-- Generated by org.testng.reporters.JUnitReportReporter -->
<testsuite hostname="DESKTOP-B94R4DD" failures="0" tests="3" name="may03_TestNG.MouseHoverAndKeyboadActons" time="4.253" errors="0" timestamp="2026-05-16T17:31:35 IST" skipped="0">
  <testcase classname="may03_TestNG.MouseHoverAndKeyboadActons" name="mouseHoverAndRightClickActionOnInstagramLink" time="0.807"/>
  <testcase classname="may03_TestNG.MouseHoverAndKeyboadActons" name="robotClassKeyBoardAction" time="2.143"/>
  <testcase classname="may03_TestNG.MouseHoverAndKeyboadActons" name="windowHandles" time="1.303"/>
</testsuite> <!-- may03_TestNG.MouseHoverAndKeyboadActons -->
