<?xml version="1.0" encoding="UTF-8"?>
<!-- Generated by org.testng.reporters.JUnitReportReporter -->
<testsuite hostname="DESKTOP-B94R4DD" failures="0" tests="3" name="may05_TestNG.MouseHoverAndKeyBoardActions" time="4.902" errors="0" timestamp="2026-05-05T16:11:46 IST" skipped="0">
  <testcase classname="may05_TestNG.MouseHoverAndKeyBoardActions" name="mouseHoverOnInstagramLinkText" time="0.792"/>
  <testcase classname="may05_TestNG.MouseHoverAndKeyBoardActions" name="robotClassKeyboardAction" time="1.111"/>
  <testcase classname="may05_TestNG.MouseHoverAndKeyBoardActions" name="windowHandles" time="2.999"/>
</testsuite> <!-- may05_TestNG.MouseHoverAndKeyBoardActions -->
