<?xml version="1.0" encoding="UTF-8"?>
<!-- Generated by org.testng.reporters.JUnitReportReporter -->
<testsuite hostname="DESKTOP-B94R4DD" failures="0" tests="3" name="may22_TestNG.StaticDropdown" time="77.800" errors="0" timestamp="2026-05-29T21:52:52 IST" skipped="0">
  <testcase classname="may22_TestNG.StaticDropdown" name="staticDropdownSelectBySendKeysAction" time="17.743"/>
  <testcase classname="may22_TestNG.StaticDropdown" name="staticDropdownSelectByValue" time="30.275"/>
  <testcase classname="may22_TestNG.StaticDropdown" name="staticDropdownSelectByIndex" time="29.782"/>
</testsuite> <!-- may22_TestNG.StaticDropdown -->
