<?xml version="1.0" encoding="UTF-8"?>
<!-- Generated by org.testng.reporters.JUnitReportReporter -->
<testsuite hostname="DESKTOP-B94R4DD" failures="0" tests="3" name="may06_TestNG.MouseHoverRightClickActionAndKeyBoardActions" time="4.750" errors="0" timestamp="2026-05-11T14:07:05 IST" skipped="0">
  <testcase classname="may06_TestNG.MouseHoverRightClickActionAndKeyBoardActions" name="mouseHoverRightClick" time="0.931"/>
  <testcase classname="may06_TestNG.MouseHoverRightClickActionAndKeyBoardActions" name="robotClass" time="2.124"/>
  <testcase classname="may06_TestNG.MouseHoverRightClickActionAndKeyBoardActions" name="windowHandles" time="1.695"/>
</testsuite> <!-- may06_TestNG.MouseHoverRightClickActionAndKeyBoardActions -->
