<?xml version="1.0" encoding="UTF-8"?>
<!-- Generated by org.testng.reporters.JUnitReportReporter -->
<testsuite hostname="DESKTOP-B94R4DD" failures="0" tests="1" name="may19_TestNG.Tc001_FacebookMouseHoverAndRobotClassKeyboardAction" time="10.279" errors="0" timestamp="2026-05-19T18:05:17 IST" skipped="0">
  <testcase classname="may19_TestNG.Tc001_FacebookMouseHoverAndRobotClassKeyboardAction" name="mouseHoverAndKeyboardAction" time="10.279"/>
</testsuite> <!-- may19_TestNG.Tc001_FacebookMouseHoverAndRobotClassKeyboardAction -->
