<?xml version="1.0" encoding="UTF-8"?>
<!-- Generated by org.testng.reporters.JUnitReportReporter -->
<testsuite hostname="DESKTOP-B94R4DD" failures="0" tests="3" name="may09_TestNG.StaticDropdown" time="44.314" errors="0" timestamp="2026-05-10T00:16:29 IST" skipped="0">
  <testcase classname="may09_TestNG.StaticDropdown" name="staticDropdownSelectByIndex" time="8.754"/>
  <testcase classname="may09_TestNG.StaticDropdown" name="statiDropdownSelectBySendkeysAction" time="8.966"/>
  <testcase classname="may09_TestNG.StaticDropdown" name="staticDropdownSelectByValue" time="26.594"/>
</testsuite> <!-- may09_TestNG.StaticDropdown -->
