<?xml version="1.0" encoding="UTF-8"?>
<!-- Generated by org.testng.reporters.JUnitReportReporter -->
<testsuite hostname="DESKTOP-B94R4DD" failures="0" tests="2" name="may17_TestNG.StaticDropdown" time="27.182" errors="0" timestamp="2026-05-18T16:19:58 IST" skipped="0">
  <testcase classname="may17_TestNG.StaticDropdown" name="staticDropdownSelectByIndex" time="14.581"/>
  <testcase classname="may17_TestNG.StaticDropdown" name="staticDropdownSelectByVisibleText" time="12.601"/>
</testsuite> <!-- may17_TestNG.StaticDropdown -->
