<?xml version="1.0" encoding="UTF-8"?>
<!-- Generated by org.testng.reporters.JUnitReportReporter -->
<testsuite hostname="DESKTOP-B94R4DD" failures="0" tests="3" name="may17_TestNG.MouseHoverAndKeyboardActions" time="3.890" errors="0" timestamp="2026-05-18T16:45:09 IST" skipped="0">
  <testcase classname="may17_TestNG.MouseHoverAndKeyboardActions" name="mouseHoverRightClickAction" time="0.429"/>
  <testcase classname="may17_TestNG.MouseHoverAndKeyboardActions" name="robotClass" time="1.486"/>
  <testcase classname="may17_TestNG.MouseHoverAndKeyboardActions" name="windowHandles" time="1.975"/>
</testsuite> <!-- may17_TestNG.MouseHoverAndKeyboardActions -->
