<?xml version="1.0" encoding="UTF-8"?>
<!-- Generated by org.testng.reporters.JUnitReportReporter -->
<testsuite hostname="DESKTOP-B94R4DD" failures="0" tests="3" name="may05_TestNG.StaticDropdown" time="39.783" errors="0" timestamp="2026-05-05T15:12:32 IST" skipped="0">
  <testcase classname="may05_TestNG.StaticDropdown" name="staticDropdownSelectByValue" time="14.298"/>
  <testcase classname="may05_TestNG.StaticDropdown" name="staticDropdownSelectByIndex" time="13.122"/>
  <testcase classname="may05_TestNG.StaticDropdown" name="staticDropdownSelectBySendKeysAction" time="12.363"/>
</testsuite> <!-- may05_TestNG.StaticDropdown -->
