<?xml version="1.0" encoding="UTF-8"?>
<!-- Generated by org.testng.reporters.JUnitReportReporter -->
<testsuite hostname="DESKTOP-B94R4DD" failures="0" tests="2" name="may19_TestNG.Tc006_HyperLinkCountAndPrint" time="34.559" errors="0" timestamp="2026-05-19T18:05:17 IST" skipped="0">
  <testcase classname="may19_TestNG.Tc006_HyperLinkCountAndPrint" name="hyperLinkCountAndPrint" time="18.972"/>
  <testcase classname="may19_TestNG.Tc006_HyperLinkCountAndPrint" name="hyperLinkCountAndPrint" time="15.587"/>
</testsuite> <!-- may19_TestNG.Tc006_HyperLinkCountAndPrint -->
