<?xml version="1.0" encoding="UTF-8"?>
<!-- Generated by org.testng.reporters.JUnitReportReporter -->
<testsuite hostname="DESKTOP-B94R4DD" failures="0" tests="3" name="may21_TestNG.MouseHoverAndKeyboardAction" time="3.728" errors="0" timestamp="2026-05-27T01:02:24 IST" skipped="0">
  <testcase classname="may21_TestNG.MouseHoverAndKeyboardAction" name="mouseHoverActionOnInstagram" time="0.651"/>
  <testcase classname="may21_TestNG.MouseHoverAndKeyboardAction" name="RobotClass" time="1.120"/>
  <testcase classname="may21_TestNG.MouseHoverAndKeyboardAction" name="windowHandles" time="1.957"/>
</testsuite> <!-- may21_TestNG.MouseHoverAndKeyboardAction -->
