<?xml version="1.0" encoding="UTF-8"?>
<!-- Generated by org.testng.reporters.JUnitReportReporter -->
<testsuite hostname="DESKTOP-B94R4DD" failures="0" tests="2" name="may22_TestNG.DynamicSearchAndListDropdown" time="60.142" errors="0" timestamp="2026-05-29T22:19:05 IST" skipped="0">
  <testcase classname="may22_TestNG.DynamicSearchAndListDropdown" name="dynamicSearchAndListDropdown_Example1" time="31.275"/>
  <testcase classname="may22_TestNG.DynamicSearchAndListDropdown" name="dynamicSearchAndistDropdown_Example2" time="28.867"/>
</testsuite> <!-- may22_TestNG.DynamicSearchAndListDropdown -->
